app/build/intermediates/manifest_merge_blame_file/debug/manifest-merger-blame-debug-report.txt
1<?xml version="1.0" encoding="utf-8"?>
2<manifest xmlns:android="http://schemas.android.com/apk/res/android"
3    package="com.all.officereader"
4    android:versionCode="1"
5    android:versionName="1.0" >
6
7    <uses-sdk
8        android:minSdkVersion="21"
8-->src\main\AndroidManifest.xml
9        android:targetSdkVersion="30" />
9-->src\main\AndroidManifest.xml
10
11    <uses-permission android:name="android.permission.WRITE_EXTERNAL_STORAGE" />
11-->src\main\AndroidManifest.xml:6:5-81
11-->src\main\AndroidManifest.xml:6:22-78
12    <uses-permission android:name="android.permission.ACCESS_NETWORK_STATE" />
12-->src\main\AndroidManifest.xml:7:5-79
12-->src\main\AndroidManifest.xml:7:22-76
13    <uses-permission android:name="android.permission.READ_EXTERNAL_STORAGE" />
13-->src\main\AndroidManifest.xml:8:5-80
13-->src\main\AndroidManifest.xml:8:22-77
14    <uses-permission android:name="android.permission.INTERNET" />
14-->src\main\AndroidManifest.xml:9:5-67
14-->src\main\AndroidManifest.xml:9:22-64
15    <uses-permission android:name="android.permission.ACCESS_WIFI_STATE" />
15-->src\main\AndroidManifest.xml:10:5-76
15-->src\main\AndroidManifest.xml:10:22-73
16    <uses-permission android:name="com.android.launcher.permission.INSTALL_SHORTCUT" />
16-->src\main\AndroidManifest.xml:11:5-88
16-->src\main\AndroidManifest.xml:11:22-85
17    <uses-permission android:name="android.permission.CHANGE_WIFI_STATE" />
17-->src\main\AndroidManifest.xml:12:5-76
17-->src\main\AndroidManifest.xml:12:22-73
18    <uses-permission android:name="android.permission.CHANGE_NETWORK_STATE" />
18-->src\main\AndroidManifest.xml:13:5-79
18-->src\main\AndroidManifest.xml:13:22-76
19    <uses-permission android:name="android.permission.MANAGE_EXTERNAL_STORAGE" />
19-->src\main\AndroidManifest.xml:14:5-82
19-->src\main\AndroidManifest.xml:14:22-79
20    <uses-permission android:name="android.permission.CAMERA" />
20-->src\main\AndroidManifest.xml:15:5-65
20-->src\main\AndroidManifest.xml:15:22-62
21    <!--
22         Have developers add this. We don't want AUDIO permission to be auto-added to
23         apps that just want to take pictures.
24    -->
25    <!-- uses-permission android:name="android.permission.RECORD_AUDIO" / -->
26    <uses-feature
26-->[com.otaliastudios:cameraview:2.7.1] AndroidManifest.xml:19:5-21:36
27        android:name="android.hardware.camera"
27-->[com.otaliastudios:cameraview:2.7.1] AndroidManifest.xml:20:9-47
28        android:required="false" />
28-->[com.otaliastudios:cameraview:2.7.1] AndroidManifest.xml:21:9-33
29    <uses-feature
29-->[com.otaliastudios:cameraview:2.7.1] AndroidManifest.xml:22:5-24:36
30        android:name="android.hardware.camera.autofocus"
30-->[com.otaliastudios:cameraview:2.7.1] AndroidManifest.xml:23:9-57
31        android:required="false" />
31-->[com.otaliastudios:cameraview:2.7.1] AndroidManifest.xml:24:9-33
32    <uses-feature
32-->[com.otaliastudios:cameraview:2.7.1] AndroidManifest.xml:25:5-27:36
33        android:name="android.hardware.camera.front"
33-->[com.otaliastudios:cameraview:2.7.1] AndroidManifest.xml:26:9-53
34        android:required="false" />
34-->[com.otaliastudios:cameraview:2.7.1] AndroidManifest.xml:27:9-33
35    <uses-feature
35-->[com.otaliastudios:cameraview:2.7.1] AndroidManifest.xml:28:5-30:36
36        android:name="android.hardware.microphone"
36-->[com.otaliastudios:cameraview:2.7.1] AndroidManifest.xml:29:9-51
37        android:required="false" /> <!-- Android package visibility setting -->
37-->[com.otaliastudios:cameraview:2.7.1] AndroidManifest.xml:30:9-33
38    <queries>
38-->[com.google.android.gms:play-services-ads-lite:20.2.0] AndroidManifest.xml:27:5-43:15
39
40        <!-- For browser content -->
41        <intent>
41-->[com.google.android.gms:play-services-ads-lite:20.2.0] AndroidManifest.xml:30:9-36:18
42            <action android:name="android.intent.action.VIEW" />
42-->src\main\AndroidManifest.xml:127:17-69
42-->src\main\AndroidManifest.xml:127:25-66
43
44            <category android:name="android.intent.category.BROWSABLE" />
44-->[com.google.android.gms:play-services-ads-lite:20.2.0] AndroidManifest.xml:33:13-74
44-->[com.google.android.gms:play-services-ads-lite:20.2.0] AndroidManifest.xml:33:23-71
45
46            <data android:scheme="https" />
46-->src\main\AndroidManifest.xml:130:17-72
47        </intent>
48        <!-- End of browser content -->
49        <!-- For CustomTabsService -->
50        <intent>
50-->[com.google.android.gms:play-services-ads-lite:20.2.0] AndroidManifest.xml:39:9-41:18
51            <action android:name="android.support.customtabs.action.CustomTabsService" />
51-->[com.google.android.gms:play-services-ads-lite:20.2.0] AndroidManifest.xml:40:13-90
51-->[com.google.android.gms:play-services-ads-lite:20.2.0] AndroidManifest.xml:40:21-87
52        </intent>
53        <!-- End of CustomTabsService -->
54    </queries>
55
56    <uses-permission android:name="android.permission.WAKE_LOCK" />
56-->[androidx.work:work-runtime:2.1.0] AndroidManifest.xml:25:5-68
56-->[androidx.work:work-runtime:2.1.0] AndroidManifest.xml:25:22-65
57    <uses-permission android:name="android.permission.RECEIVE_BOOT_COMPLETED" />
57-->[androidx.work:work-runtime:2.1.0] AndroidManifest.xml:27:5-81
57-->[androidx.work:work-runtime:2.1.0] AndroidManifest.xml:27:22-78
58
59    <application
59-->src\main\AndroidManifest.xml:17:5-202:19
60        android:name="com.all.officereader.screens.activities.MyApplication"
60-->src\main\AndroidManifest.xml:18:9-57
61        android:allowBackup="true"
61-->src\main\AndroidManifest.xml:19:9-35
62        android:appComponentFactory="androidx.core.app.CoreComponentFactory"
62-->[androidx.core:core:1.5.0] AndroidManifest.xml:24:18-86
63        android:debuggable="true"
64        android:grantUriPermissions="true"
64-->src\main\AndroidManifest.xml:20:9-43
65        android:icon="@mipmap/icon"
65-->src\main\AndroidManifest.xml:21:9-36
66        android:label="@string/app_name"
66-->src\main\AndroidManifest.xml:22:9-41
67        android:requestLegacyExternalStorage="true"
67-->src\main\AndroidManifest.xml:23:9-52
68        android:resizeableActivity="true"
68-->src\main\AndroidManifest.xml:24:9-42
69        android:roundIcon="@mipmap/icon"
69-->src\main\AndroidManifest.xml:25:9-41
70        android:supportsRtl="true"
70-->[com.wajahatkarim3.EasyFlipView:EasyFlipView:2.1.2] AndroidManifest.xml:13:9-35
71        android:testOnly="true"
72        android:theme="@style/AppTheme3"
72-->src\main\AndroidManifest.xml:26:9-41
73        android:usesCleartextTraffic="true" >
73-->src\main\AndroidManifest.xml:27:9-44
74        <activity
74-->src\main\AndroidManifest.xml:30:9-32:48
75            android:name="com.all.officereader.screens.ocr.CameraActivity"
75-->src\main\AndroidManifest.xml:31:13-75
76            android:theme="@style/AppTheme3" />
76-->src\main\AndroidManifest.xml:32:13-45
77        <activity
77-->src\main\AndroidManifest.xml:34:9-36:55
78            android:name="com.artifex.sonui.editor.SlideShowActivity"
78-->src\main\AndroidManifest.xml:35:13-70
79            android:theme="@style/style_slide_show" />
79-->src\main\AndroidManifest.xml:36:13-52
80        <activity
80-->src\main\AndroidManifest.xml:38:9-40:48
81            android:name="com.all.officereader.screens.ocr.EditScannerActivity"
81-->src\main\AndroidManifest.xml:39:13-80
82            android:theme="@style/AppTheme3" />
82-->src\main\AndroidManifest.xml:40:13-45
83        <activity
83-->src\main\AndroidManifest.xml:42:9-44:53
84            android:name="com.all.officereader.screens.ocr.ListOCRActivity"
84-->src\main\AndroidManifest.xml:43:13-76
85            android:theme="@style/style_list_ocr" />
85-->src\main\AndroidManifest.xml:44:13-50
86        <activity
86-->src\main\AndroidManifest.xml:46:9-48:48
87            android:name="com.all.officereader.screens.ocr.PreviewPDFActivity"
87-->src\main\AndroidManifest.xml:47:13-79
88            android:theme="@style/AppTheme3" />
88-->src\main\AndroidManifest.xml:48:13-45
89        <activity
89-->src\main\AndroidManifest.xml:50:9-52:48
90            android:name="com.all.officereader.screens.ocr.EditOCRActivity"
90-->src\main\AndroidManifest.xml:51:13-76
91            android:theme="@style/AppTheme3" />
91-->src\main\AndroidManifest.xml:52:13-45
92        <activity
92-->src\main\AndroidManifest.xml:54:9-56:48
93            android:name="com.all.officereader.screens.ocr.gallery.GalleryActivity"
93-->src\main\AndroidManifest.xml:55:13-84
94            android:theme="@style/AppTheme3" />
94-->src\main\AndroidManifest.xml:56:13-45
95        <activity
95-->src\main\AndroidManifest.xml:58:9-61:49
96            android:name="com.all.officereader.screens.activities.CreateFileActivity"
96-->src\main\AndroidManifest.xml:59:13-86
97            android:screenOrientation="portrait"
97-->src\main\AndroidManifest.xml:60:13-49
98            android:theme="@style/style_main" />
98-->src\main\AndroidManifest.xml:61:13-46
99
100        <provider
101            android:name="com.all.officereader.helpers.provider.GenericFileProvider"
101-->src\main\AndroidManifest.xml:64:13-85
102            android:authorities="com.all.officereader.fileprovider"
102-->src\main\AndroidManifest.xml:65:13-64
103            android:exported="false"
103-->src\main\AndroidManifest.xml:66:13-37
104            android:grantUriPermissions="true" >
104-->src\main\AndroidManifest.xml:67:13-47
105            <meta-data
105-->src\main\AndroidManifest.xml:68:13-70:58
106                android:name="android.support.FILE_PROVIDER_PATHS"
106-->src\main\AndroidManifest.xml:69:17-67
107                android:resource="@xml/provider_paths" />
107-->src\main\AndroidManifest.xml:70:17-55
108        </provider>
109
110        <activity
110-->src\main\AndroidManifest.xml:73:9-76:49
111            android:name="com.all.officereader.screens.activities.IntroductionActivity"
111-->src\main\AndroidManifest.xml:74:13-88
112            android:screenOrientation="portrait"
112-->src\main\AndroidManifest.xml:75:13-49
113            android:theme="@style/style_main" />
113-->src\main\AndroidManifest.xml:76:13-46
114        <activity
114-->src\main\AndroidManifest.xml:78:9-88:20
115            android:name="com.all.officereader.screens.activities.SplashActivity"
115-->src\main\AndroidManifest.xml:79:13-82
116            android:screenOrientation="portrait"
116-->src\main\AndroidManifest.xml:80:13-49
117            android:theme="@style/style_main"
117-->src\main\AndroidManifest.xml:81:13-46
118            android:windowSoftInputMode="stateHidden|adjustResize" >
118-->src\main\AndroidManifest.xml:82:13-67
119            <intent-filter>
119-->src\main\AndroidManifest.xml:83:13-87:29
120                <action android:name="android.intent.action.MAIN" />
120-->src\main\AndroidManifest.xml:84:17-69
120-->src\main\AndroidManifest.xml:84:25-66
121
122                <category android:name="android.intent.category.LAUNCHER" />
122-->src\main\AndroidManifest.xml:86:17-77
122-->src\main\AndroidManifest.xml:86:27-74
123            </intent-filter>
124        </activity>
125        <activity
125-->src\main\AndroidManifest.xml:90:9-93:49
126            android:name="com.all.officereader.screens.activities.MainActivity"
126-->src\main\AndroidManifest.xml:91:13-80
127            android:screenOrientation="portrait"
127-->src\main\AndroidManifest.xml:92:13-49
128            android:theme="@style/style_main" />
128-->src\main\AndroidManifest.xml:93:13-46
129
130        <provider
131            android:name="androidx.core.content.FileProvider"
131-->src\main\AndroidManifest.xml:96:13-62
132            android:authorities="com.all.officereader.provider"
132-->src\main\AndroidManifest.xml:97:13-60
133            android:exported="false"
133-->src\main\AndroidManifest.xml:98:13-37
134            android:grantUriPermissions="true" >
134-->src\main\AndroidManifest.xml:99:13-47
135            <meta-data
135-->src\main\AndroidManifest.xml:68:13-70:58
136                android:name="android.support.FILE_PROVIDER_PATHS"
136-->src\main\AndroidManifest.xml:69:17-67
137                android:resource="@xml/provider_paths" />
137-->src\main\AndroidManifest.xml:70:17-55
138            <meta-data
138-->src\main\AndroidManifest.xml:104:13-106:58
139                android:name="android.supportv1.FILE_PROVIDER_PATHS"
139-->src\main\AndroidManifest.xml:105:17-69
140                android:resource="@xml/provider_paths" />
140-->src\main\AndroidManifest.xml:106:17-55
141        </provider>
142
143        <receiver
143-->src\main\AndroidManifest.xml:109:9-116:20
144            android:name="com.all.officereader.helpers.receivers.ConnectInternetReceiver"
144-->src\main\AndroidManifest.xml:110:13-90
145            android:enabled="true" >
145-->src\main\AndroidManifest.xml:111:13-35
146            <intent-filter>
146-->src\main\AndroidManifest.xml:112:13-115:29
147                <action android:name="android.net.conn.CONNECTIVITY_CHANGE" />
147-->src\main\AndroidManifest.xml:113:17-79
147-->src\main\AndroidManifest.xml:113:25-76
148                <action android:name="android.net.wifi.WIFI_STATE_CHANGED" />
148-->src\main\AndroidManifest.xml:114:17-78
148-->src\main\AndroidManifest.xml:114:25-75
149            </intent-filter>
150        </receiver>
151
152        <activity
152-->src\main\AndroidManifest.xml:118:9-176:20
153            android:name="com.all.officereader.screens.activities.ViewEditorActivity"
153-->src\main\AndroidManifest.xml:119:13-86
154            android:configChanges="keyboard|keyboardHidden|orientation|screenLayout|screenSize|smallestScreenSize"
154-->src\main\AndroidManifest.xml:120:13-115
155            android:label="@string/sodk_app_name"
155-->src\main\AndroidManifest.xml:121:13-50
156            android:launchMode="singleTask"
156-->src\main\AndroidManifest.xml:122:13-44
157            android:screenOrientation="portrait"
157-->src\main\AndroidManifest.xml:123:13-49
158            android:theme="@style/style_main"
158-->src\main\AndroidManifest.xml:124:13-46
159            android:windowSoftInputMode="adjustResize" >
159-->src\main\AndroidManifest.xml:125:13-55
160            <intent-filter>
160-->src\main\AndroidManifest.xml:126:13-175:29
161                <action android:name="android.intent.action.VIEW" />
161-->src\main\AndroidManifest.xml:127:17-69
161-->src\main\AndroidManifest.xml:127:25-66
162
163                <category android:name="android.intent.category.DEFAULT" />
163-->src\main\AndroidManifest.xml:128:17-76
163-->src\main\AndroidManifest.xml:128:27-73
164
165                <data android:mimeType="text/comma-separated-values" />
165-->src\main\AndroidManifest.xml:130:17-72
165-->src\main\AndroidManifest.xml:130:23-69
166                <data android:mimeType="text/csv" />
166-->src\main\AndroidManifest.xml:130:17-72
166-->src\main\AndroidManifest.xml:130:23-69
167                <data android:mimeType="text/plain" />
167-->src\main\AndroidManifest.xml:130:17-72
167-->src\main\AndroidManifest.xml:130:23-69
168                <data android:mimeType="application/x-hwp" />
168-->src\main\AndroidManifest.xml:130:17-72
168-->src\main\AndroidManifest.xml:130:23-69
169                <data android:mimeType="image/x-wmf" />
169-->src\main\AndroidManifest.xml:130:17-72
169-->src\main\AndroidManifest.xml:130:23-69
170                <data android:mimeType="image/x-emf" />
170-->src\main\AndroidManifest.xml:130:17-72
170-->src\main\AndroidManifest.xml:130:23-69
171                <data android:mimeType="image/bmp" />
171-->src\main\AndroidManifest.xml:130:17-72
171-->src\main\AndroidManifest.xml:130:23-69
172                <data android:mimeType="image/x-ms-bmp" />
172-->src\main\AndroidManifest.xml:130:17-72
172-->src\main\AndroidManifest.xml:130:23-69
173                <data android:mimeType="image/gif" />
173-->src\main\AndroidManifest.xml:130:17-72
173-->src\main\AndroidManifest.xml:130:23-69
174                <data android:mimeType="image/jpeg" />
174-->src\main\AndroidManifest.xml:130:17-72
174-->src\main\AndroidManifest.xml:130:23-69
175                <data android:mimeType="image/png" />
175-->src\main\AndroidManifest.xml:130:17-72
175-->src\main\AndroidManifest.xml:130:23-69
176                <data android:mimeType="application/msword" />
176-->src\main\AndroidManifest.xml:130:17-72
176-->src\main\AndroidManifest.xml:130:23-69
177                <data android:mimeType="application/vnd.openxmlformats-officedocument.wordprocessingml.document" />
177-->src\main\AndroidManifest.xml:130:17-72
177-->src\main\AndroidManifest.xml:130:23-69
178                <data android:mimeType="application/vnd.ms-excel" />
178-->src\main\AndroidManifest.xml:130:17-72
178-->src\main\AndroidManifest.xml:130:23-69
179                <data android:mimeType="application/vnd.openxmlformats-officedocument.spreadsheetml.sheet" />
179-->src\main\AndroidManifest.xml:130:17-72
179-->src\main\AndroidManifest.xml:130:23-69
180                <data android:mimeType="application/vnd.openxmlformats-officedocument.presentationml.presentation" />
180-->src\main\AndroidManifest.xml:130:17-72
180-->src\main\AndroidManifest.xml:130:23-69
181                <data android:mimeType="application/vnd.openxmlformats-officedocument.presentationml.slideshow" />
181-->src\main\AndroidManifest.xml:130:17-72
181-->src\main\AndroidManifest.xml:130:23-69
182                <data android:mimeType="application/vnd.ms-word.template.macroenabled.12" />
182-->src\main\AndroidManifest.xml:130:17-72
182-->src\main\AndroidManifest.xml:130:23-69
183                <data android:mimeType="application/vnd.openxmlformats-officedocument.spreadsheetml.template" />
183-->src\main\AndroidManifest.xml:130:17-72
183-->src\main\AndroidManifest.xml:130:23-69
184                <data android:mimeType="application/vnd.ms-excel.template.macroenabled.12" />
184-->src\main\AndroidManifest.xml:130:17-72
184-->src\main\AndroidManifest.xml:130:23-69
185                <data android:mimeType="application/vnd.ms-excel.sheet.macroenabled.12" />
185-->src\main\AndroidManifest.xml:130:17-72
185-->src\main\AndroidManifest.xml:130:23-69
186                <data android:mimeType="application/vnd.openxmlformats-officedocument.presentationml.template" />
186-->src\main\AndroidManifest.xml:130:17-72
186-->src\main\AndroidManifest.xml:130:23-69
187                <data android:mimeType="application/vnd.ms-powerpoint.template.macroenabled.12" />
187-->src\main\AndroidManifest.xml:130:17-72
187-->src\main\AndroidManifest.xml:130:23-69
188                <data android:mimeType="application/vnd.ms-powerpoint.slideshow.macroenabled.12" />
188-->src\main\AndroidManifest.xml:130:17-72
188-->src\main\AndroidManifest.xml:130:23-69
189                <data android:mimeType="application/powerpoint" />
189-->src\main\AndroidManifest.xml:130:17-72
189-->src\main\AndroidManifest.xml:130:23-69
190                <data android:mimeType="application/vnd.ms-powerpoint" />
190-->src\main\AndroidManifest.xml:130:17-72
190-->src\main\AndroidManifest.xml:130:23-69
191                <data android:mimeType="application/pdf" />
191-->src\main\AndroidManifest.xml:130:17-72
191-->src\main\AndroidManifest.xml:130:23-69
192                <data android:mimeType="text/xml" />
192-->src\main\AndroidManifest.xml:130:17-72
192-->src\main\AndroidManifest.xml:130:23-69
193                <data android:mimeType="text/html" />
193-->src\main\AndroidManifest.xml:130:17-72
193-->src\main\AndroidManifest.xml:130:23-69
194                <data android:mimeType="text/20180305-ww" />
194-->src\main\AndroidManifest.xml:130:17-72
194-->src\main\AndroidManifest.xml:130:23-69
195                <data android:mimeType="text/crash_reported" />
195-->src\main\AndroidManifest.xml:130:17-72
195-->src\main\AndroidManifest.xml:130:23-69
196                <data android:mimeType="text/pro" />
196-->src\main\AndroidManifest.xml:130:17-72
196-->src\main\AndroidManifest.xml:130:23-69
197                <data android:mimeType="text/gradlew" />
197-->src\main\AndroidManifest.xml:130:17-72
197-->src\main\AndroidManifest.xml:130:23-69
198                <data android:mimeType="text/properties" />
198-->src\main\AndroidManifest.xml:130:17-72
198-->src\main\AndroidManifest.xml:130:23-69
199                <data android:mimeType="text/bat" />
199-->src\main\AndroidManifest.xml:130:17-72
199-->src\main\AndroidManifest.xml:130:23-69
200                <data android:mimeType="text/gradle" />
200-->src\main\AndroidManifest.xml:130:17-72
200-->src\main\AndroidManifest.xml:130:23-69
201                <data android:mimeType="text/cpt" />
201-->src\main\AndroidManifest.xml:130:17-72
201-->src\main\AndroidManifest.xml:130:23-69
202                <data android:mimeType="text/rtf" />
202-->src\main\AndroidManifest.xml:130:17-72
202-->src\main\AndroidManifest.xml:130:23-69
203                <data android:mimeType="text/obj" />
203-->src\main\AndroidManifest.xml:130:17-72
203-->src\main\AndroidManifest.xml:130:23-69
204                <data android:mimeType="text/plist" />
204-->src\main\AndroidManifest.xml:130:17-72
204-->src\main\AndroidManifest.xml:130:23-69
205                <data android:mimeType="text/java" />
205-->src\main\AndroidManifest.xml:130:17-72
205-->src\main\AndroidManifest.xml:130:23-69
206                <data android:mimeType="text/nledata" />
206-->src\main\AndroidManifest.xml:130:17-72
206-->src\main\AndroidManifest.xml:130:23-69
207                <data android:mimeType="text/project" />
207-->src\main\AndroidManifest.xml:130:17-72
207-->src\main\AndroidManifest.xml:130:23-69
208                <data android:mimeType="text/frag" />
208-->src\main\AndroidManifest.xml:130:17-72
208-->src\main\AndroidManifest.xml:130:23-69
209                <data android:mimeType="text/conf" />
209-->src\main\AndroidManifest.xml:130:17-72
209-->src\main\AndroidManifest.xml:130:23-69
210            </intent-filter>
211        </activity>
212        <activity
212-->src\main\AndroidManifest.xml:178:9-182:57
213            android:name="com.all.officereader.screens.activities.ShowSlideActivity"
213-->src\main\AndroidManifest.xml:179:13-85
214            android:configChanges="keyboard|keyboardHidden|orientation|screenLayout|screenSize|smallestScreenSize"
214-->src\main\AndroidManifest.xml:180:13-115
215            android:screenOrientation="portrait"
215-->src\main\AndroidManifest.xml:181:13-49
216            android:windowSoftInputMode="stateHidden" />
216-->src\main\AndroidManifest.xml:182:13-54
217        <activity
217-->src\main\AndroidManifest.xml:184:9-189:57
218            android:name="com.artifex.sonui.ChoosePathActivity"
218-->src\main\AndroidManifest.xml:185:13-64
219            android:configChanges="keyboard|keyboardHidden|orientation|screenLayout|screenSize|smallestScreenSize"
219-->src\main\AndroidManifest.xml:186:13-115
220            android:screenOrientation="portrait"
220-->src\main\AndroidManifest.xml:187:13-49
221            android:theme="@android:style/Theme.Holo.Dialog.NoActionBar"
221-->src\main\AndroidManifest.xml:188:13-73
222            android:windowSoftInputMode="stateHidden" />
222-->src\main\AndroidManifest.xml:189:13-54
223
224        <meta-data
224-->src\main\AndroidManifest.xml:191:9-193:69
225            android:name="com.google.android.gms.version"
225-->src\main\AndroidManifest.xml:192:13-58
226            android:value="@integer/google_play_services_version" />
226-->src\main\AndroidManifest.xml:193:13-66
227        <meta-data
227-->src\main\AndroidManifest.xml:195:9-197:36
228            android:name="com.google.android.gms.ads.AD_MANAGER_APP"
228-->src\main\AndroidManifest.xml:196:13-69
229            android:value="true" />
229-->src\main\AndroidManifest.xml:197:13-33
230        <meta-data
230-->src\main\AndroidManifest.xml:199:9-201:35
231            android:name="com.google.mlkit.vision.DEPENDENCIES"
231-->src\main\AndroidManifest.xml:200:13-64
232            android:value="ocr" />
232-->src\main\AndroidManifest.xml:201:13-32
233
234        <activity
234-->[com.karumi:dexter:5.0.0] AndroidManifest.xml:27:9-29:72
235            android:name="com.karumi.dexter.DexterActivity"
235-->[com.karumi:dexter:5.0.0] AndroidManifest.xml:28:13-60
236            android:theme="@style/Dexter.Internal.Theme.Transparent" />
236-->[com.karumi:dexter:5.0.0] AndroidManifest.xml:29:13-69
237        <activity android:name="com.tejpratapsingh.pdfcreator.activity.PDFViewerActivity" />
237-->[com.github.tejpratap46:PDFCreatorAndroid:3.0.2] AndroidManifest.xml:10:9-93
237-->[com.github.tejpratap46:PDFCreatorAndroid:3.0.2] AndroidManifest.xml:10:19-90
238        <activity android:name="com.tejpratapsingh.pdfcreator.activity.PDFCreatorActivity" />
238-->[com.github.tejpratap46:PDFCreatorAndroid:3.0.2] AndroidManifest.xml:11:9-94
238-->[com.github.tejpratap46:PDFCreatorAndroid:3.0.2] AndroidManifest.xml:11:19-91
239        <!--
240             Receives GooglePlay execution requests and forwards them to the
241             appropriate internal service.
242        -->
243        <service
243-->[com.firebase:firebase-jobdispatcher:0.8.5] AndroidManifest.xml:32:9-39:19
244            android:name="com.firebase.jobdispatcher.GooglePlayReceiver"
244-->[com.firebase:firebase-jobdispatcher:0.8.5] AndroidManifest.xml:33:13-73
245            android:exported="true"
245-->[com.firebase:firebase-jobdispatcher:0.8.5] AndroidManifest.xml:34:13-36
246            android:permission="com.google.android.gms.permission.BIND_NETWORK_TASK_SERVICE" >
246-->[com.firebase:firebase-jobdispatcher:0.8.5] AndroidManifest.xml:35:13-93
247            <intent-filter>
247-->[com.firebase:firebase-jobdispatcher:0.8.5] AndroidManifest.xml:36:13-38:29
248                <action android:name="com.google.android.gms.gcm.ACTION_TASK_READY" />
248-->[com.firebase:firebase-jobdispatcher:0.8.5] AndroidManifest.xml:37:17-87
248-->[com.firebase:firebase-jobdispatcher:0.8.5] AndroidManifest.xml:37:25-84
249            </intent-filter>
250        </service>
251
252        <provider
252-->[androidx.lifecycle:lifecycle-process:2.0.0] AndroidManifest.xml:23:9-27:43
253            android:name="androidx.lifecycle.ProcessLifecycleOwnerInitializer"
253-->[androidx.lifecycle:lifecycle-process:2.0.0] AndroidManifest.xml:24:13-79
254            android:authorities="com.all.officereader.lifecycle-process"
254-->[androidx.lifecycle:lifecycle-process:2.0.0] AndroidManifest.xml:25:13-69
255            android:exported="false"
255-->[androidx.lifecycle:lifecycle-process:2.0.0] AndroidManifest.xml:26:13-37
256            android:multiprocess="true" /> <!-- Include the AdActivity and InAppPurchaseActivity configChanges and themes. -->
256-->[androidx.lifecycle:lifecycle-process:2.0.0] AndroidManifest.xml:27:13-40
257        <activity
257-->[com.google.android.gms:play-services-ads-lite:20.2.0] AndroidManifest.xml:48:9-52:64
258            android:name="com.google.android.gms.ads.AdActivity"
258-->[com.google.android.gms:play-services-ads-lite:20.2.0] AndroidManifest.xml:49:13-65
259            android:configChanges="keyboard|keyboardHidden|orientation|screenLayout|uiMode|screenSize|smallestScreenSize"
259-->[com.google.android.gms:play-services-ads-lite:20.2.0] AndroidManifest.xml:50:13-122
260            android:exported="false"
260-->[com.google.android.gms:play-services-ads-lite:20.2.0] AndroidManifest.xml:51:13-37
261            android:theme="@android:style/Theme.Translucent" />
261-->[com.google.android.gms:play-services-ads-lite:20.2.0] AndroidManifest.xml:52:13-61
262
263        <provider
263-->[com.google.android.gms:play-services-ads-lite:20.2.0] AndroidManifest.xml:54:9-58:39
264            android:name="com.google.android.gms.ads.MobileAdsInitProvider"
264-->[com.google.android.gms:play-services-ads-lite:20.2.0] AndroidManifest.xml:55:13-76
265            android:authorities="com.all.officereader.mobileadsinitprovider"
265-->[com.google.android.gms:play-services-ads-lite:20.2.0] AndroidManifest.xml:56:13-73
266            android:exported="false"
266-->[com.google.android.gms:play-services-ads-lite:20.2.0] AndroidManifest.xml:57:13-37
267            android:initOrder="100" />
267-->[com.google.android.gms:play-services-ads-lite:20.2.0] AndroidManifest.xml:58:13-36
268
269        <service
269-->[com.google.android.gms:play-services-ads-lite:20.2.0] AndroidManifest.xml:60:9-63:40
270            android:name="com.google.android.gms.ads.AdService"
270-->[com.google.android.gms:play-services-ads-lite:20.2.0] AndroidManifest.xml:61:13-64
271            android:enabled="true"
271-->[com.google.android.gms:play-services-ads-lite:20.2.0] AndroidManifest.xml:62:13-35
272            android:exported="false" />
272-->[com.google.android.gms:play-services-ads-lite:20.2.0] AndroidManifest.xml:63:13-37
273
274        <provider
274-->[androidx.work:work-runtime:2.1.0] AndroidManifest.xml:30:9-36:35
275            android:name="androidx.work.impl.WorkManagerInitializer"
275-->[androidx.work:work-runtime:2.1.0] AndroidManifest.xml:31:13-69
276            android:authorities="com.all.officereader.workmanager-init"
276-->[androidx.work:work-runtime:2.1.0] AndroidManifest.xml:32:13-68
277            android:directBootAware="false"
277-->[androidx.work:work-runtime:2.1.0] AndroidManifest.xml:33:13-44
278            android:exported="false"
278-->[androidx.work:work-runtime:2.1.0] AndroidManifest.xml:34:13-37
279            android:multiprocess="true" />
279-->[androidx.work:work-runtime:2.1.0] AndroidManifest.xml:35:13-40
280
281        <service
281-->[androidx.work:work-runtime:2.1.0] AndroidManifest.xml:38:9-43:35
282            android:name="androidx.work.impl.background.systemalarm.SystemAlarmService"
282-->[androidx.work:work-runtime:2.1.0] AndroidManifest.xml:39:13-88
283            android:directBootAware="false"
283-->[androidx.work:work-runtime:2.1.0] AndroidManifest.xml:40:13-44
284            android:enabled="@bool/enable_system_alarm_service_default"